mode: set
github.com/fystack/mpcium/pkg/common/generation/generation.go:5.41,7.16 2 0
github.com/fystack/mpcium/pkg/common/generation/generation.go:7.16,9.3 1 0
github.com/fystack/mpcium/pkg/common/generation/generation.go:11.2,12.23 2 0
github.com/fystack/mpcium/pkg/client/client.go:63.43,65.24 1 0
github.com/fystack/mpcium/pkg/client/client.go:65.24,67.3 1 0
github.com/fystack/mpcium/pkg/client/client.go:69.2,69.45 1 0
github.com/fystack/mpcium/pkg/client/client.go:69.45,71.3 1 0
github.com/fystack/mpcium/pkg/client/client.go:73.2,77.49 3 0
github.com/fystack/mpcium/pkg/client/client.go:77.49,78.21 1 0
github.com/fystack/mpcium/pkg/client/client.go:78.21,80.27 1 0
github.com/fystack/mpcium/pkg/client/client.go:80.27,82.5 1 0
github.com/fystack/mpcium/pkg/client/client.go:85.4,86.18 2 0
github.com/fystack/mpcium/pkg/client/client.go:86.18,88.5 1 0
github.com/fystack/mpcium/pkg/client/client.go:91.4,92.18 2 0
github.com/fystack/mpcium/pkg/client/client.go:92.18,94.5 1 0
github.com/fystack/mpcium/pkg/client/client.go:95.9,98.18 2 0
github.com/fystack/mpcium/pkg/client/client.go:98.18,100.5 1 0
github.com/fystack/mpcium/pkg/client/client.go:102.8,104.3 1 0
github.com/fystack/mpcium/pkg/client/client.go:106.2,109.16 3 0
github.com/fystack/mpcium/pkg/client/client.go:109.16,112.3 2 0
github.com/fystack/mpcium/pkg/client/client.go:115.2,121.16 3 0
github.com/fystack/mpcium/pkg/client/client.go:121.16,123.3 1 0
github.com/fystack/mpcium/pkg/client/client.go:125.2,144.3 6 0
github.com/fystack/mpcium/pkg/client/client.go:148.79,151.16 2 0
github.com/fystack/mpcium/pkg/client/client.go:151.16,153.3 1 0
github.com/fystack/mpcium/pkg/client/client.go:156.2,157.16 2 0
github.com/fystack/mpcium/pkg/client/client.go:157.16,159.3 1 0
github.com/fystack/mpcium/pkg/client/client.go:162.2,163.16 2 0
github.com/fystack/mpcium/pkg/client/client.go:163.16,165.3 1 0
github.com/fystack/mpcium/pkg/client/client.go:167.2,167.27 1 0
github.com/fystack/mpcium/pkg/client/client.go:171.57,178.16 3 0
github.com/fystack/mpcium/pkg/client/client.go:178.16,180.3 1 0
github.com/fystack/mpcium/pkg/client/client.go:182.2,185.16 3 0
github.com/fystack/mpcium/pkg/client/client.go:185.16,187.3 1 0
github.com/fystack/mpcium/pkg/client/client.go:189.2,189.80 1 0
github.com/fystack/mpcium/pkg/client/client.go:189.80,191.3 1 0
github.com/fystack/mpcium/pkg/client/client.go:192.2,192.12 1 0
github.com/fystack/mpcium/pkg/client/client.go:196.96,197.89 1 0
github.com/fystack/mpcium/pkg/client/client.go:197.89,200.17 3 0
github.com/fystack/mpcium/pkg/client/client.go:200.17,202.4 1 0
github.com/fystack/mpcium/pkg/client/client.go:203.3,204.13 2 0
github.com/fystack/mpcium/pkg/client/client.go:207.2,207.16 1 0
github.com/fystack/mpcium/pkg/client/client.go:207.16,209.3 1 0
github.com/fystack/mpcium/pkg/client/client.go:211.2,211.12 1 0
github.com/fystack/mpcium/pkg/client/client.go:215.69,218.16 2 0
github.com/fystack/mpcium/pkg/client/client.go:218.16,220.3 1 0
github.com/fystack/mpcium/pkg/client/client.go:222.2,225.16 3 0
github.com/fystack/mpcium/pkg/client/client.go:225.16,227.3 1 0
github.com/fystack/mpcium/pkg/client/client.go:229.2,229.87 1 0
github.com/fystack/mpcium/pkg/client/client.go:229.87,231.3 1 0
github.com/fystack/mpcium/pkg/client/client.go:232.2,232.12 1 0
github.com/fystack/mpcium/pkg/client/client.go:235.87,236.92 1 0
github.com/fystack/mpcium/pkg/client/client.go:236.92,239.17 3 0
github.com/fystack/mpcium/pkg/client/client.go:239.17,241.4 1 0
github.com/fystack/mpcium/pkg/client/client.go:242.3,243.13 2 0
github.com/fystack/mpcium/pkg/client/client.go:246.2,246.16 1 0
github.com/fystack/mpcium/pkg/client/client.go:246.16,248.3 1 0
github.com/fystack/mpcium/pkg/client/client.go:250.2,250.12 1 0
github.com/fystack/mpcium/pkg/client/client.go:253.66,256.16 2 0
github.com/fystack/mpcium/pkg/client/client.go:256.16,258.3 1 0
github.com/fystack/mpcium/pkg/client/client.go:260.2,263.16 3 0
github.com/fystack/mpcium/pkg/client/client.go:263.16,265.3 1 0
github.com/fystack/mpcium/pkg/client/client.go:267.2,267.79 1 0
github.com/fystack/mpcium/pkg/client/client.go:267.79,269.3 1 0
github.com/fystack/mpcium/pkg/client/client.go:270.2,270.12 1 0
github.com/fystack/mpcium/pkg/client/client.go:273.94,275.85 1 0
github.com/fystack/mpcium/pkg/client/client.go:275.85,279.17 4 0
github.com/fystack/mpcium/pkg/client/client.go:279.17,282.4 2 0
github.com/fystack/mpcium/pkg/client/client.go:283.3,285.13 3 0
github.com/fystack/mpcium/pkg/client/client.go:288.2,288.16 1 0
github.com/fystack/mpcium/pkg/client/client.go:288.16,290.3 1 0
github.com/fystack/mpcium/pkg/client/client.go:292.2,292.12 1 0
github.com/fystack/mpcium/pkg/common/errors/errors.go:8.40,10.2 1 1
github.com/fystack/mpcium/pkg/common/errors/errors.go:12.28,14.2 1 1
github.com/fystack/mpcium/pkg/config/init.go:21.45,29.16 6 1
github.com/fystack/mpcium/pkg/config/init.go:29.16,31.3 1 0
github.com/fystack/mpcium/pkg/config/init.go:32.2,32.22 1 1
github.com/fystack/mpcium/pkg/config/init.go:48.24,55.16 7 0
github.com/fystack/mpcium/pkg/config/init.go:55.16,57.3 1 0
github.com/fystack/mpcium/pkg/config/init.go:59.2,60.49 2 0
github.com/fystack/mpcium/pkg/config/init.go:63.30,75.16 4 0
github.com/fystack/mpcium/pkg/config/init.go:75.16,77.3 1 0
github.com/fystack/mpcium/pkg/config/init.go:79.2,79.60 1 0
github.com/fystack/mpcium/pkg/config/init.go:79.60,81.3 1 0
github.com/fystack/mpcium/pkg/config/init.go:83.2,83.16 1 0
github.com/fystack/mpcium/pkg/config/logger.go:14.19,18.50 3 0
github.com/fystack/mpcium/pkg/config/logger.go:18.50,20.3 1 0
github.com/fystack/mpcium/pkg/config/logger.go:21.2,21.52 1 0
github.com/fystack/mpcium/pkg/config/logger.go:21.52,23.3 1 0
github.com/fystack/mpcium/pkg/config/logger.go:24.2,24.54 1 0
github.com/fystack/mpcium/pkg/config/logger.go:24.54,26.3 1 0
github.com/fystack/mpcium/pkg/config/logger.go:27.2,27.55 1 0
github.com/fystack/mpcium/pkg/config/logger.go:27.55,29.3 1 0
github.com/fystack/mpcium/pkg/config/logger.go:31.2,32.40 2 0
github.com/fystack/mpcium/pkg/config/peers.go:14.69,17.16 2 0
github.com/fystack/mpcium/pkg/config/peers.go:17.16,19.3 1 0
github.com/fystack/mpcium/pkg/config/peers.go:21.2,23.29 3 0
github.com/fystack/mpcium/pkg/config/peers.go:23.29,31.3 2 0
github.com/fystack/mpcium/pkg/config/peers.go:33.2,33.19 1 0
github.com/fystack/mpcium/pkg/config/peers.go:36.54,37.29 1 0
github.com/fystack/mpcium/pkg/config/peers.go:37.29,38.28 1 0
github.com/fystack/mpcium/pkg/config/peers.go:38.28,40.4 1 0
github.com/fystack/mpcium/pkg/config/peers.go:43.2,43.11 1 0
github.com/fystack/mpcium/pkg/infra/consul.go:19.54,21.43 2 0
github.com/fystack/mpcium/pkg/infra/consul.go:21.43,23.3 1 0
github.com/fystack/mpcium/pkg/infra/consul.go:23.8,30.3 3 0
github.com/fystack/mpcium/pkg/infra/consul.go:32.2,37.16 4 0
github.com/fystack/mpcium/pkg/infra/consul.go:37.16,39.3 1 0
github.com/fystack/mpcium/pkg/infra/consul.go:41.2,42.16 2 0
github.com/fystack/mpcium/pkg/infra/consul.go:42.16,44.3 1 0
github.com/fystack/mpcium/pkg/infra/consul.go:46.2,46.15 1 0
github.com/fystack/mpcium/pkg/identity/identity.go:55.83,56.55 1 0
github.com/fystack/mpcium/pkg/identity/identity.go:56.55,58.3 1 0
github.com/fystack/mpcium/pkg/identity/identity.go:60.2,61.16 2 0
github.com/fystack/mpcium/pkg/identity/identity.go:61.16,63.3 1 0
github.com/fystack/mpcium/pkg/identity/identity.go:65.2,66.16 2 0
github.com/fystack/mpcium/pkg/identity/identity.go:66.16,68.3 1 0
github.com/fystack/mpcium/pkg/identity/identity.go:70.2,71.21 2 0
github.com/fystack/mpcium/pkg/identity/identity.go:71.21,73.3 1 0
github.com/fystack/mpcium/pkg/identity/identity.go:74.2,75.16 2 0
github.com/fystack/mpcium/pkg/identity/identity.go:75.16,77.3 1 0
github.com/fystack/mpcium/pkg/identity/identity.go:79.2,83.16 3 0
github.com/fystack/mpcium/pkg/identity/identity.go:83.16,85.3 1 0
github.com/fystack/mpcium/pkg/identity/identity.go:87.2,88.58 2 0
github.com/fystack/mpcium/pkg/identity/identity.go:88.58,90.3 1 0
github.com/fystack/mpcium/pkg/identity/identity.go:92.2,101.38 2 0
github.com/fystack/mpcium/pkg/identity/identity.go:101.38,104.17 3 0
github.com/fystack/mpcium/pkg/identity/identity.go:104.17,106.4 1 0
github.com/fystack/mpcium/pkg/identity/identity.go:108.3,109.57 2 0
github.com/fystack/mpcium/pkg/identity/identity.go:109.57,111.4 1 0
github.com/fystack/mpcium/pkg/identity/identity.go:114.3,114.32 1 0
github.com/fystack/mpcium/pkg/identity/identity.go:114.32,117.4 1 0
github.com/fystack/mpcium/pkg/identity/identity.go:119.3,120.17 2 0
github.com/fystack/mpcium/pkg/identity/identity.go:120.17,122.4 1 0
github.com/fystack/mpcium/pkg/identity/identity.go:124.3,124.42 1 0
github.com/fystack/mpcium/pkg/identity/identity.go:127.2,127.19 1 0
github.com/fystack/mpcium/pkg/identity/identity.go:131.81,136.13 3 0
github.com/fystack/mpcium/pkg/identity/identity.go:136.13,138.54 1 0
github.com/fystack/mpcium/pkg/identity/identity.go:138.54,140.4 1 0
github.com/fystack/mpcium/pkg/identity/identity.go:142.3,146.17 3 0
github.com/fystack/mpcium/pkg/identity/identity.go:146.17,148.4 1 0
github.com/fystack/mpcium/pkg/identity/identity.go:149.3,155.17 5 0
github.com/fystack/mpcium/pkg/identity/identity.go:155.17,157.4 1 0
github.com/fystack/mpcium/pkg/identity/identity.go:158.3,161.17 3 0
github.com/fystack/mpcium/pkg/identity/identity.go:161.17,163.4 1 0
github.com/fystack/mpcium/pkg/identity/identity.go:166.3,167.17 2 0
github.com/fystack/mpcium/pkg/identity/identity.go:167.17,169.4 1 0
github.com/fystack/mpcium/pkg/identity/identity.go:172.3,173.17 2 0
github.com/fystack/mpcium/pkg/identity/identity.go:173.17,175.4 1 0
github.com/fystack/mpcium/pkg/identity/identity.go:177.3,177.36 1 0
github.com/fystack/mpcium/pkg/identity/identity.go:178.8,180.56 1 0
github.com/fystack/mpcium/pkg/identity/identity.go:180.56,182.4 1 0
github.com/fystack/mpcium/pkg/identity/identity.go:184.3,186.17 3 0
github.com/fystack/mpcium/pkg/identity/identity.go:186.17,188.4 1 0
github.com/fystack/mpcium/pkg/identity/identity.go:189.3,189.37 1 0
github.com/fystack/mpcium/pkg/identity/identity.go:194.65,198.49 3 0
github.com/fystack/mpcium/pkg/identity/identity.go:198.49,200.3 1 0
github.com/fystack/mpcium/pkg/identity/identity.go:202.2,202.72 1 0
github.com/fystack/mpcium/pkg/identity/identity.go:205.72,208.16 2 0
github.com/fystack/mpcium/pkg/identity/identity.go:208.16,210.3 1 0
github.com/fystack/mpcium/pkg/identity/identity.go:212.2,213.23 2 0
github.com/fystack/mpcium/pkg/identity/identity.go:217.64,218.26 1 0
github.com/fystack/mpcium/pkg/identity/identity.go:218.26,220.3 1 0
github.com/fystack/mpcium/pkg/identity/identity.go:223.2,227.16 3 0
github.com/fystack/mpcium/pkg/identity/identity.go:227.16,229.3 1 0
github.com/fystack/mpcium/pkg/identity/identity.go:232.2,233.16 2 0
github.com/fystack/mpcium/pkg/identity/identity.go:233.16,235.3 1 0
github.com/fystack/mpcium/pkg/identity/identity.go:238.2,238.57 1 0
github.com/fystack/mpcium/pkg/identity/identity.go:238.57,240.3 1 0
github.com/fystack/mpcium/pkg/identity/identity.go:242.2,242.12 1 0
github.com/fystack/mpcium/pkg/identity/identity.go:246.78,249.16 2 0
github.com/fystack/mpcium/pkg/identity/identity.go:249.16,251.3 1 0
github.com/fystack/mpcium/pkg/identity/identity.go:254.2,255.45 2 0
github.com/fystack/mpcium/pkg/identity/identity.go:255.45,257.3 1 0
github.com/fystack/mpcium/pkg/identity/identity.go:260.2,260.61 1 0
github.com/fystack/mpcium/pkg/identity/identity.go:260.61,262.3 1 0
github.com/fystack/mpcium/pkg/identity/identity.go:264.2,264.12 1 0
github.com/fystack/mpcium/pkg/identity/identity.go:267.51,269.2 1 0
github.com/fystack/mpcium/pkg/keyinfo/keyinfo.go:21.47,23.2 1 0
github.com/fystack/mpcium/pkg/keyinfo/keyinfo.go:30.56,32.16 2 0
github.com/fystack/mpcium/pkg/keyinfo/keyinfo.go:32.16,34.3 1 0
github.com/fystack/mpcium/pkg/keyinfo/keyinfo.go:35.2,35.17 1 0
github.com/fystack/mpcium/pkg/keyinfo/keyinfo.go:35.17,37.3 1 0
github.com/fystack/mpcium/pkg/keyinfo/keyinfo.go:39.2,41.16 3 0
github.com/fystack/mpcium/pkg/keyinfo/keyinfo.go:41.16,43.3 1 0
github.com/fystack/mpcium/pkg/keyinfo/keyinfo.go:45.2,45.18 1 0
github.com/fystack/mpcium/pkg/keyinfo/keyinfo.go:48.60,50.16 2 0
github.com/fystack/mpcium/pkg/keyinfo/keyinfo.go:50.16,52.3 1 0
github.com/fystack/mpcium/pkg/keyinfo/keyinfo.go:54.2,60.16 3 0
github.com/fystack/mpcium/pkg/keyinfo/keyinfo.go:60.16,62.3 1 0
github.com/fystack/mpcium/pkg/keyinfo/keyinfo.go:64.2,64.12 1 0
github.com/fystack/mpcium/pkg/keyinfo/keyinfo.go:67.52,69.2 1 0
github.com/fystack/mpcium/pkg/event/types.go:95.49,96.16 1 0
github.com/fystack/mpcium/pkg/event/types.go:96.16,98.3 1 0
github.com/fystack/mpcium/pkg/event/types.go:100.2,103.9 2 0
github.com/fystack/mpcium/pkg/event/types.go:104.48,105.33 1 0
github.com/fystack/mpcium/pkg/event/types.go:106.49,107.36 1 0
github.com/fystack/mpcium/pkg/event/types.go:108.32,109.34 1 0
github.com/fystack/mpcium/pkg/event/types.go:110.54,111.43 1 0
github.com/fystack/mpcium/pkg/event/types.go:112.40,113.38 1 0
github.com/fystack/mpcium/pkg/event/types.go:114.56,115.30 1 0
github.com/fystack/mpcium/pkg/event/types.go:116.34,117.35 1 0
github.com/fystack/mpcium/pkg/event/types.go:118.35,119.33 1 0
github.com/fystack/mpcium/pkg/event/types.go:120.37,121.35 1 0
github.com/fystack/mpcium/pkg/event/types.go:122.46,123.30 1 0
github.com/fystack/mpcium/pkg/event/types.go:124.39,125.31 1 0
github.com/fystack/mpcium/pkg/event/types.go:126.35,127.34 1 0
github.com/fystack/mpcium/pkg/event/types.go:128.50,129.38 1 0
github.com/fystack/mpcium/pkg/event/types.go:130.47,131.34 1 0
github.com/fystack/mpcium/pkg/event/types.go:132.48,133.35 1 0
github.com/fystack/mpcium/pkg/event/types.go:134.10,135.26 1 0
github.com/fystack/mpcium/pkg/event/types.go:140.52,142.35 2 0
github.com/fystack/mpcium/pkg/event/types.go:142.35,143.54 1 0
github.com/fystack/mpcium/pkg/event/types.go:143.54,145.4 1 0
github.com/fystack/mpcium/pkg/event/types.go:147.2,147.14 1 0
github.com/fystack/mpcium/pkg/eventconsumer/event_consumer.go:71.17,73.30 2 0
github.com/fystack/mpcium/pkg/eventconsumer/event_consumer.go:73.30,75.3 1 0
github.com/fystack/mpcium/pkg/eventconsumer/event_consumer.go:77.2,97.11 4 0
github.com/fystack/mpcium/pkg/eventconsumer/event_consumer.go:100.32,102.16 2 0
github.com/fystack/mpcium/pkg/eventconsumer/event_consumer.go:102.16,104.3 1 0
github.com/fystack/mpcium/pkg/eventconsumer/event_consumer.go:106.2,107.16 2 0
github.com/fystack/mpcium/pkg/eventconsumer/event_consumer.go:107.16,109.3 1 0
github.com/fystack/mpcium/pkg/eventconsumer/event_consumer.go:111.2,112.16 2 0
github.com/fystack/mpcium/pkg/eventconsumer/event_consumer.go:112.16,114.3 1 0
github.com/fystack/mpcium/pkg/eventconsumer/event_consumer.go:116.2,116.47 1 0
github.com/fystack/mpcium/pkg/eventconsumer/event_consumer.go:119.62,125.50 5 0
github.com/fystack/mpcium/pkg/eventconsumer/event_consumer.go:125.50,129.3 3 0
github.com/fystack/mpcium/pkg/eventconsumer/event_consumer.go:130.2,130.70 1 0
github.com/fystack/mpcium/pkg/eventconsumer/event_consumer.go:130.70,134.3 3 0
github.com/fystack/mpcium/pkg/eventconsumer/event_consumer.go:136.2,138.16 3 0
github.com/fystack/mpcium/pkg/eventconsumer/event_consumer.go:138.16,142.3 3 0
github.com/fystack/mpcium/pkg/eventconsumer/event_consumer.go:143.2,144.16 2 0
github.com/fystack/mpcium/pkg/eventconsumer/event_consumer.go:144.16,148.3 3 0
github.com/fystack/mpcium/pkg/eventconsumer/event_consumer.go:149.2,159.12 8 0
github.com/fystack/mpcium/pkg/eventconsumer/event_consumer.go:159.12,161.10 2 0
github.com/fystack/mpcium/pkg/eventconsumer/event_consumer.go:162.26,163.61 1 0
github.com/fystack/mpcium/pkg/eventconsumer/event_consumer.go:164.40,167.15 3 0
github.com/fystack/mpcium/pkg/eventconsumer/event_consumer.go:170.2,170.12 1 0
github.com/fystack/mpcium/pkg/eventconsumer/event_consumer.go:170.12,172.10 2 0
github.com/fystack/mpcium/pkg/eventconsumer/event_consumer.go:173.26,174.61 1 0
github.com/fystack/mpcium/pkg/eventconsumer/event_consumer.go:175.40,178.15 3 0
github.com/fystack/mpcium/pkg/eventconsumer/event_consumer.go:182.2,192.12 7 0
github.com/fystack/mpcium/pkg/eventconsumer/event_consumer.go:192.12,195.3 2 0
github.com/fystack/mpcium/pkg/eventconsumer/event_consumer.go:197.2,197.9 1 0
github.com/fystack/mpcium/pkg/eventconsumer/event_consumer.go:198.17,198.17 0 0
github.com/fystack/mpcium/pkg/eventconsumer/event_consumer.go:200.24,204.9 3 0
github.com/fystack/mpcium/pkg/eventconsumer/event_consumer.go:207.2,209.16 3 0
github.com/fystack/mpcium/pkg/eventconsumer/event_consumer.go:209.16,213.3 3 0
github.com/fystack/mpcium/pkg/eventconsumer/event_consumer.go:215.2,216.117 2 0
github.com/fystack/mpcium/pkg/eventconsumer/event_consumer.go:216.117,220.3 3 0
github.com/fystack/mpcium/pkg/eventconsumer/event_consumer.go:221.2,221.96 1 0
github.com/fystack/mpcium/pkg/eventconsumer/event_consumer.go:225.98,244.16 6 0
github.com/fystack/mpcium/pkg/eventconsumer/event_consumer.go:244.16,249.3 2 0
github.com/fystack/mpcium/pkg/eventconsumer/event_consumer.go:251.2,255.16 3 0
github.com/fystack/mpcium/pkg/eventconsumer/event_consumer.go:255.16,260.3 1 0
github.com/fystack/mpcium/pkg/eventconsumer/event_consumer.go:263.51,267.35 2 0
github.com/fystack/mpcium/pkg/eventconsumer/event_consumer.go:267.35,269.26 2 0
github.com/fystack/mpcium/pkg/eventconsumer/event_consumer.go:269.26,270.17 1 0
github.com/fystack/mpcium/pkg/eventconsumer/event_consumer.go:270.17,270.32 1 0
github.com/fystack/mpcium/pkg/eventconsumer/event_consumer.go:271.4,271.29 1 0
github.com/fystack/mpcium/pkg/eventconsumer/event_consumer.go:276.60,277.75 1 0
github.com/fystack/mpcium/pkg/eventconsumer/event_consumer.go:277.75,279.3 1 0
github.com/fystack/mpcium/pkg/eventconsumer/event_consumer.go:281.2,282.16 2 0
github.com/fystack/mpcium/pkg/eventconsumer/event_consumer.go:282.16,284.3 1 0
github.com/fystack/mpcium/pkg/eventconsumer/event_consumer.go:285.2,285.12 1 0
github.com/fystack/mpcium/pkg/eventconsumer/event_consumer.go:288.56,289.71 1 0
github.com/fystack/mpcium/pkg/eventconsumer/event_consumer.go:289.71,293.17 4 0
github.com/fystack/mpcium/pkg/eventconsumer/event_consumer.go:293.17,296.4 2 0
github.com/fystack/mpcium/pkg/eventconsumer/event_consumer.go:298.3,299.17 2 0
github.com/fystack/mpcium/pkg/eventconsumer/event_consumer.go:299.17,302.4 2 0
github.com/fystack/mpcium/pkg/eventconsumer/event_consumer.go:304.3,317.55 2 0
github.com/fystack/mpcium/pkg/eventconsumer/event_consumer.go:317.55,319.4 1 0
github.com/fystack/mpcium/pkg/eventconsumer/event_consumer.go:321.3,322.22 2 0
github.com/fystack/mpcium/pkg/eventconsumer/event_consumer.go:323.31,330.5 1 0
github.com/fystack/mpcium/pkg/eventconsumer/event_consumer.go:331.29,338.5 1 0
github.com/fystack/mpcium/pkg/eventconsumer/event_consumer.go:341.3,341.17 1 0
github.com/fystack/mpcium/pkg/eventconsumer/event_consumer.go:341.17,351.4 3 0
github.com/fystack/mpcium/pkg/eventconsumer/event_consumer.go:353.3,355.17 3 0
github.com/fystack/mpcium/pkg/eventconsumer/event_consumer.go:355.17,356.52 1 0
github.com/fystack/mpcium/pkg/eventconsumer/event_consumer.go:356.52,360.5 2 0
github.com/fystack/mpcium/pkg/eventconsumer/event_consumer.go:361.4,368.10 2 0
github.com/fystack/mpcium/pkg/eventconsumer/event_consumer.go:372.3,375.13 3 0
github.com/fystack/mpcium/pkg/eventconsumer/event_consumer.go:375.13,376.8 1 0
github.com/fystack/mpcium/pkg/eventconsumer/event_consumer.go:376.8,377.12 1 0
github.com/fystack/mpcium/pkg/eventconsumer/event_consumer.go:378.23,379.12 1 0
github.com/fystack/mpcium/pkg/eventconsumer/event_consumer.go:380.37,381.20 1 0
github.com/fystack/mpcium/pkg/eventconsumer/event_consumer.go:381.20,390.7 2 0
github.com/fystack/mpcium/pkg/eventconsumer/event_consumer.go:395.3,405.34 3 0
github.com/fystack/mpcium/pkg/eventconsumer/event_consumer.go:405.34,407.26 2 0
github.com/fystack/mpcium/pkg/eventconsumer/event_consumer.go:407.26,409.19 2 0
github.com/fystack/mpcium/pkg/eventconsumer/event_consumer.go:409.19,411.6 1 0
github.com/fystack/mpcium/pkg/eventconsumer/event_consumer.go:411.11,413.6 1 0
github.com/fystack/mpcium/pkg/eventconsumer/event_consumer.go:416.3,416.29 1 0
github.com/fystack/mpcium/pkg/eventconsumer/event_consumer.go:419.2,420.16 2 0
github.com/fystack/mpcium/pkg/eventconsumer/event_consumer.go:420.16,422.3 1 0
github.com/fystack/mpcium/pkg/eventconsumer/event_consumer.go:424.2,424.12 1 0
github.com/fystack/mpcium/pkg/eventconsumer/event_consumer.go:426.126,449.16 6 0
github.com/fystack/mpcium/pkg/eventconsumer/event_consumer.go:449.16,455.3 2 0
github.com/fystack/mpcium/pkg/eventconsumer/event_consumer.go:457.2,460.16 2 0
github.com/fystack/mpcium/pkg/eventconsumer/event_consumer.go:460.16,466.3 1 0
github.com/fystack/mpcium/pkg/eventconsumer/event_consumer.go:468.54,469.74 1 0
github.com/fystack/mpcium/pkg/eventconsumer/event_consumer.go:469.74,471.59 2 0
github.com/fystack/mpcium/pkg/eventconsumer/event_consumer.go:471.59,475.4 3 0
github.com/fystack/mpcium/pkg/eventconsumer/event_consumer.go:477.3,477.71 1 0
github.com/fystack/mpcium/pkg/eventconsumer/event_consumer.go:477.71,481.4 3 0
github.com/fystack/mpcium/pkg/eventconsumer/event_consumer.go:483.3,487.17 4 0
github.com/fystack/mpcium/pkg/eventconsumer/event_consumer.go:487.17,491.4 3 0
github.com/fystack/mpcium/pkg/eventconsumer/event_consumer.go:493.3,493.69 1 0
github.com/fystack/mpcium/pkg/eventconsumer/event_consumer.go:493.69,503.4 1 0
github.com/fystack/mpcium/pkg/eventconsumer/event_consumer.go:505.3,506.17 2 0
github.com/fystack/mpcium/pkg/eventconsumer/event_consumer.go:506.17,510.4 3 0
github.com/fystack/mpcium/pkg/eventconsumer/event_consumer.go:511.3,512.17 2 0
github.com/fystack/mpcium/pkg/eventconsumer/event_consumer.go:512.17,516.4 3 0
github.com/fystack/mpcium/pkg/eventconsumer/event_consumer.go:518.3,518.45 1 0
github.com/fystack/mpcium/pkg/eventconsumer/event_consumer.go:518.45,521.4 2 0
github.com/fystack/mpcium/pkg/eventconsumer/event_consumer.go:523.3,535.24 5 0
github.com/fystack/mpcium/pkg/eventconsumer/event_consumer.go:535.24,542.14 6 0
github.com/fystack/mpcium/pkg/eventconsumer/event_consumer.go:542.14,544.9 2 0
github.com/fystack/mpcium/pkg/eventconsumer/event_consumer.go:544.9,545.13 1 0
github.com/fystack/mpcium/pkg/eventconsumer/event_consumer.go:546.27,547.13 1 0
github.com/fystack/mpcium/pkg/eventconsumer/event_consumer.go:548.41,552.13 4 0
github.com/fystack/mpcium/pkg/eventconsumer/event_consumer.go:558.3,558.24 1 0
github.com/fystack/mpcium/pkg/eventconsumer/event_consumer.go:558.24,565.14 6 0
github.com/fystack/mpcium/pkg/eventconsumer/event_consumer.go:565.14,567.9 2 0
github.com/fystack/mpcium/pkg/eventconsumer/event_consumer.go:567.9,568.13 1 0
github.com/fystack/mpcium/pkg/eventconsumer/event_consumer.go:569.27,571.13 2 0
github.com/fystack/mpcium/pkg/eventconsumer/event_consumer.go:572.41,576.13 4 0
github.com/fystack/mpcium/pkg/eventconsumer/event_consumer.go:582.3,586.24 3 0
github.com/fystack/mpcium/pkg/eventconsumer/event_consumer.go:586.24,588.18 2 0
github.com/fystack/mpcium/pkg/eventconsumer/event_consumer.go:588.18,592.5 3 0
github.com/fystack/mpcium/pkg/eventconsumer/event_consumer.go:594.4,601.18 3 0
github.com/fystack/mpcium/pkg/eventconsumer/event_consumer.go:601.18,605.5 3 0
github.com/fystack/mpcium/pkg/eventconsumer/event_consumer.go:606.4,606.83 1 0
github.com/fystack/mpcium/pkg/eventconsumer/event_consumer.go:607.9,609.4 1 0
github.com/fystack/mpcium/pkg/eventconsumer/event_consumer.go:612.2,613.12 2 0
github.com/fystack/mpcium/pkg/eventconsumer/event_consumer.go:617.140,640.16 6 0
github.com/fystack/mpcium/pkg/eventconsumer/event_consumer.go:640.16,645.3 2 0
github.com/fystack/mpcium/pkg/eventconsumer/event_consumer.go:647.2,651.16 3 0
github.com/fystack/mpcium/pkg/eventconsumer/event_consumer.go:651.16,656.3 1 0
github.com/fystack/mpcium/pkg/eventconsumer/event_consumer.go:660.50,664.6 3 0
github.com/fystack/mpcium/pkg/eventconsumer/event_consumer.go:664.6,665.10 1 0
github.com/fystack/mpcium/pkg/eventconsumer/event_consumer.go:666.19,667.29 1 0
github.com/fystack/mpcium/pkg/eventconsumer/event_consumer.go:668.29,669.10 1 0
github.com/fystack/mpcium/pkg/eventconsumer/event_consumer.go:675.49,680.57 4 0
github.com/fystack/mpcium/pkg/eventconsumer/event_consumer.go:680.57,681.48 1 0
github.com/fystack/mpcium/pkg/eventconsumer/event_consumer.go:681.48,683.4 1 0
github.com/fystack/mpcium/pkg/eventconsumer/event_consumer.go:688.60,693.2 4 0
github.com/fystack/mpcium/pkg/eventconsumer/event_consumer.go:696.63,701.2 4 0
github.com/fystack/mpcium/pkg/eventconsumer/event_consumer.go:705.76,713.17 5 0
github.com/fystack/mpcium/pkg/eventconsumer/event_consumer.go:713.17,716.3 2 0
github.com/fystack/mpcium/pkg/eventconsumer/event_consumer.go:718.2,718.14 1 0
github.com/fystack/mpcium/pkg/eventconsumer/event_consumer.go:722.40,727.16 3 0
github.com/fystack/mpcium/pkg/eventconsumer/event_consumer.go:727.16,729.3 1 0
github.com/fystack/mpcium/pkg/eventconsumer/event_consumer.go:730.2,731.16 2 0
github.com/fystack/mpcium/pkg/eventconsumer/event_consumer.go:731.16,733.3 1 0
github.com/fystack/mpcium/pkg/eventconsumer/event_consumer.go:734.2,735.16 2 0
github.com/fystack/mpcium/pkg/eventconsumer/event_consumer.go:735.16,737.3 1 0
github.com/fystack/mpcium/pkg/eventconsumer/event_consumer.go:739.2,739.12 1 0
github.com/fystack/mpcium/pkg/eventconsumer/event_consumer.go:742.77,743.17 1 0
github.com/fystack/mpcium/pkg/eventconsumer/event_consumer.go:744.30,745.35 1 0
github.com/fystack/mpcium/pkg/eventconsumer/event_consumer.go:746.28,747.35 1 0
github.com/fystack/mpcium/pkg/eventconsumer/event_consumer.go:748.10,750.61 2 0
github.com/fystack/mpcium/pkg/eventconsumer/events.go:36.47,52.2 2 0
github.com/fystack/mpcium/pkg/eventconsumer/events.go:54.38,56.2 1 0
github.com/fystack/mpcium/pkg/eventconsumer/events.go:58.46,60.2 1 0
github.com/fystack/mpcium/pkg/eventconsumer/events.go:62.52,64.2 1 0
github.com/fystack/mpcium/pkg/eventconsumer/events.go:66.43,68.2 1 0
github.com/fystack/mpcium/pkg/eventconsumer/events.go:70.51,72.2 1 0
github.com/fystack/mpcium/pkg/eventconsumer/sign_consumer.go:47.151,56.2 2 0
github.com/fystack/mpcium/pkg/eventconsumer/sign_consumer.go:59.78,69.6 5 0
github.com/fystack/mpcium/pkg/eventconsumer/sign_consumer.go:69.6,70.10 1 0
github.com/fystack/mpcium/pkg/eventconsumer/sign_consumer.go:71.21,72.20 1 0
github.com/fystack/mpcium/pkg/eventconsumer/sign_consumer.go:73.19,75.35 2 0
github.com/fystack/mpcium/pkg/eventconsumer/sign_consumer.go:75.35,80.5 2 0
github.com/fystack/mpcium/pkg/eventconsumer/sign_consumer.go:81.4,83.26 1 0
github.com/fystack/mpcium/pkg/eventconsumer/sign_consumer.go:89.59,91.55 1 0
github.com/fystack/mpcium/pkg/eventconsumer/sign_consumer.go:91.55,93.3 1 0
github.com/fystack/mpcium/pkg/eventconsumer/sign_consumer.go:95.2,100.16 2 0
github.com/fystack/mpcium/pkg/eventconsumer/sign_consumer.go:100.16,102.3 1 0
github.com/fystack/mpcium/pkg/eventconsumer/sign_consumer.go:103.2,110.19 4 0
github.com/fystack/mpcium/pkg/eventconsumer/sign_consumer.go:129.66,134.32 3 0
github.com/fystack/mpcium/pkg/eventconsumer/sign_consumer.go:134.32,139.3 2 0
github.com/fystack/mpcium/pkg/eventconsumer/sign_consumer.go:142.2,146.16 3 0
github.com/fystack/mpcium/pkg/eventconsumer/sign_consumer.go:146.16,150.3 3 0
github.com/fystack/mpcium/pkg/eventconsumer/sign_consumer.go:151.2,151.15 1 0
github.com/fystack/mpcium/pkg/eventconsumer/sign_consumer.go:151.15,152.48 1 0
github.com/fystack/mpcium/pkg/eventconsumer/sign_consumer.go:152.48,154.4 1 0
github.com/fystack/mpcium/pkg/eventconsumer/sign_consumer.go:158.2,158.103 1 0
github.com/fystack/mpcium/pkg/eventconsumer/sign_consumer.go:158.103,162.3 3 0
github.com/fystack/mpcium/pkg/eventconsumer/sign_consumer.go:165.2,166.34 2 0
github.com/fystack/mpcium/pkg/eventconsumer/sign_consumer.go:166.34,168.17 2 0
github.com/fystack/mpcium/pkg/eventconsumer/sign_consumer.go:168.17,170.30 1 0
github.com/fystack/mpcium/pkg/eventconsumer/sign_consumer.go:170.30,171.13 1 0
github.com/fystack/mpcium/pkg/eventconsumer/sign_consumer.go:173.4,174.9 2 0
github.com/fystack/mpcium/pkg/eventconsumer/sign_consumer.go:176.3,176.22 1 0
github.com/fystack/mpcium/pkg/eventconsumer/sign_consumer.go:176.22,178.42 2 0
github.com/fystack/mpcium/pkg/eventconsumer/sign_consumer.go:178.42,180.5 1 0
github.com/fystack/mpcium/pkg/eventconsumer/sign_consumer.go:181.4,181.10 1 0
github.com/fystack/mpcium/pkg/eventconsumer/sign_consumer.go:185.2,186.15 2 0
github.com/fystack/mpcium/pkg/eventconsumer/sign_consumer.go:190.42,191.21 1 0
github.com/fystack/mpcium/pkg/eventconsumer/sign_consumer.go:191.21,192.48 1 0
github.com/fystack/mpcium/pkg/eventconsumer/sign_consumer.go:192.48,195.4 2 0
github.com/fystack/mpcium/pkg/eventconsumer/sign_consumer.go:196.3,196.62 1 0
github.com/fystack/mpcium/pkg/eventconsumer/sign_consumer.go:198.2,198.12 1 0
github.com/fystack/mpcium/pkg/eventconsumer/timeout_consumer.go:21.99,26.2 1 0
github.com/fystack/mpcium/pkg/eventconsumer/timeout_consumer.go:28.34,30.86 2 0
github.com/fystack/mpcium/pkg/eventconsumer/timeout_consumer.go:30.86,38.17 4 0
github.com/fystack/mpcium/pkg/eventconsumer/timeout_consumer.go:38.17,41.4 2 0
github.com/fystack/mpcium/pkg/eventconsumer/timeout_consumer.go:42.3,44.54 2 0
github.com/fystack/mpcium/pkg/eventconsumer/timeout_consumer.go:44.54,49.18 4 0
github.com/fystack/mpcium/pkg/eventconsumer/timeout_consumer.go:49.18,52.5 2 0
github.com/fystack/mpcium/pkg/eventconsumer/timeout_consumer.go:54.4,58.18 4 0
github.com/fystack/mpcium/pkg/eventconsumer/timeout_consumer.go:58.18,61.5 2 0
github.com/fystack/mpcium/pkg/eventconsumer/timeout_consumer.go:63.4,69.18 6 0
github.com/fystack/mpcium/pkg/eventconsumer/timeout_consumer.go:69.18,72.5 2 0
github.com/fystack/mpcium/pkg/eventconsumer/timeout_consumer.go:74.4,77.18 2 0
github.com/fystack/mpcium/pkg/eventconsumer/timeout_consumer.go:77.18,80.5 2 0
github.com/fystack/mpcium/pkg/eventconsumer/timeout_consumer.go:81.4,82.10 2 0
github.com/fystack/mpcium/pkg/eventconsumer/timeout_consumer.go:85.2,85.16 1 0
github.com/fystack/mpcium/pkg/eventconsumer/timeout_consumer.go:85.16,88.3 2 0
github.com/fystack/mpcium/pkg/eventconsumer/timeout_consumer.go:90.2,90.22 1 0
github.com/fystack/mpcium/pkg/eventconsumer/timeout_consumer.go:93.42,95.16 2 0
github.com/fystack/mpcium/pkg/eventconsumer/timeout_consumer.go:95.16,97.3 1 0
github.com/fystack/mpcium/pkg/eventconsumer/timeout_consumer.go:98.2,98.12 1 0
github.com/fystack/mpcium/pkg/kvstore/badger.go:21.84,23.29 1 0
github.com/fystack/mpcium/pkg/kvstore/badger.go:23.29,25.3 1 0
github.com/fystack/mpcium/pkg/kvstore/badger.go:27.2,29.16 3 0
github.com/fystack/mpcium/pkg/kvstore/badger.go:29.16,31.3 1 0
github.com/fystack/mpcium/pkg/kvstore/badger.go:33.2,35.36 2 0
github.com/fystack/mpcium/pkg/kvstore/badger.go:39.61,40.49 1 0
github.com/fystack/mpcium/pkg/kvstore/badger.go:40.49,42.3 1 0
github.com/fystack/mpcium/pkg/kvstore/badger.go:46.57,48.47 2 0
github.com/fystack/mpcium/pkg/kvstore/badger.go:48.47,50.17 2 0
github.com/fystack/mpcium/pkg/kvstore/badger.go:50.17,51.45 1 0
github.com/fystack/mpcium/pkg/kvstore/badger.go:51.45,54.5 2 0
github.com/fystack/mpcium/pkg/kvstore/badger.go:56.3,56.13 1 0
github.com/fystack/mpcium/pkg/kvstore/badger.go:59.2,59.20 1 0
github.com/fystack/mpcium/pkg/kvstore/badger.go:62.50,64.47 2 0
github.com/fystack/mpcium/pkg/kvstore/badger.go:64.47,70.42 5 0
github.com/fystack/mpcium/pkg/kvstore/badger.go:70.42,73.4 2 0
github.com/fystack/mpcium/pkg/kvstore/badger.go:74.3,74.13 1 0
github.com/fystack/mpcium/pkg/kvstore/badger.go:77.2,77.18 1 0
github.com/fystack/mpcium/pkg/kvstore/badger.go:81.50,82.49 1 0
github.com/fystack/mpcium/pkg/kvstore/badger.go:82.49,84.3 1 0
github.com/fystack/mpcium/pkg/kvstore/badger.go:88.39,90.2 1 0
github.com/fystack/mpcium/pkg/logger/logger.go:12.35,13.11 1 1
github.com/fystack/mpcium/pkg/logger/logger.go:13.11,15.3 1 1
github.com/fystack/mpcium/pkg/logger/logger.go:15.8,17.3 1 1
github.com/fystack/mpcium/pkg/logger/logger.go:19.2,20.25 2 1
github.com/fystack/mpcium/pkg/logger/logger.go:20.25,24.3 1 1
github.com/fystack/mpcium/pkg/logger/logger.go:24.8,26.3 1 0
github.com/fystack/mpcium/pkg/logger/logger.go:30.50,38.14 2 1
github.com/fystack/mpcium/pkg/logger/logger.go:38.14,40.3 1 0
github.com/fystack/mpcium/pkg/logger/logger.go:40.8,43.42 2 1
github.com/fystack/mpcium/pkg/logger/logger.go:43.42,46.4 2 0
github.com/fystack/mpcium/pkg/logger/logger.go:48.3,48.15 1 1
github.com/fystack/mpcium/pkg/logger/logger.go:54.49,63.14 2 1
github.com/fystack/mpcium/pkg/logger/logger.go:63.14,65.3 1 0
github.com/fystack/mpcium/pkg/logger/logger.go:65.8,68.42 2 1
github.com/fystack/mpcium/pkg/logger/logger.go:68.42,71.4 2 1
github.com/fystack/mpcium/pkg/logger/logger.go:73.3,73.15 1 1
github.com/fystack/mpcium/pkg/logger/logger.go:78.49,87.14 2 1
github.com/fystack/mpcium/pkg/logger/logger.go:87.14,89.3 1 0
github.com/fystack/mpcium/pkg/logger/logger.go:89.8,92.42 2 1
github.com/fystack/mpcium/pkg/logger/logger.go:92.42,95.4 2 0
github.com/fystack/mpcium/pkg/logger/logger.go:97.3,97.15 1 1
github.com/fystack/mpcium/pkg/logger/logger.go:103.45,105.2 1 1
github.com/fystack/mpcium/pkg/logger/logger.go:108.61,109.27 1 1
github.com/fystack/mpcium/pkg/logger/logger.go:109.27,110.55 1 1
github.com/fystack/mpcium/pkg/logger/logger.go:113.2,114.41 2 1
github.com/fystack/mpcium/pkg/logger/logger.go:114.41,117.3 2 1
github.com/fystack/mpcium/pkg/logger/logger.go:119.2,119.40 1 1
github.com/fystack/mpcium/pkg/logger/logger.go:123.35,125.2 1 0
github.com/fystack/mpcium/pkg/logger/logger.go:128.35,130.2 1 0
github.com/fystack/mpcium/pkg/messaging/message_queue.go:40.118,42.16 2 0
github.com/fystack/mpcium/pkg/messaging/message_queue.go:42.16,44.3 1 0
github.com/fystack/mpcium/pkg/messaging/message_queue.go:46.2,48.16 3 0
github.com/fystack/mpcium/pkg/messaging/message_queue.go:48.16,50.3 1 0
github.com/fystack/mpcium/pkg/messaging/message_queue.go:51.2,51.19 1 0
github.com/fystack/mpcium/pkg/messaging/message_queue.go:51.19,55.3 2 0
github.com/fystack/mpcium/pkg/messaging/message_queue.go:57.2,65.16 2 0
github.com/fystack/mpcium/pkg/messaging/message_queue.go:65.16,67.3 1 0
github.com/fystack/mpcium/pkg/messaging/message_queue.go:68.2,73.3 2 0
github.com/fystack/mpcium/pkg/messaging/message_queue.go:76.85,96.16 6 0
github.com/fystack/mpcium/pkg/messaging/message_queue.go:96.16,98.3 1 0
github.com/fystack/mpcium/pkg/messaging/message_queue.go:100.2,101.11 2 0
github.com/fystack/mpcium/pkg/messaging/message_queue.go:104.90,106.20 2 0
github.com/fystack/mpcium/pkg/messaging/message_queue.go:106.20,108.3 1 0
github.com/fystack/mpcium/pkg/messaging/message_queue.go:110.2,117.16 3 0
github.com/fystack/mpcium/pkg/messaging/message_queue.go:117.16,120.3 2 0
github.com/fystack/mpcium/pkg/messaging/message_queue.go:122.2,122.12 1 0
github.com/fystack/mpcium/pkg/messaging/message_queue.go:125.85,126.56 1 0
github.com/fystack/mpcium/pkg/messaging/message_queue.go:126.56,130.17 4 0
github.com/fystack/mpcium/pkg/messaging/message_queue.go:130.17,131.36 1 0
github.com/fystack/mpcium/pkg/messaging/message_queue.go:131.36,135.5 3 0
github.com/fystack/mpcium/pkg/messaging/message_queue.go:137.4,139.10 3 0
github.com/fystack/mpcium/pkg/messaging/message_queue.go:142.3,144.17 3 0
github.com/fystack/mpcium/pkg/messaging/message_queue.go:144.17,146.4 1 0
github.com/fystack/mpcium/pkg/messaging/message_queue.go:148.2,149.12 2 0
github.com/fystack/mpcium/pkg/messaging/message_queue.go:152.29,154.31 1 0
github.com/fystack/mpcium/pkg/messaging/message_queue.go:154.31,156.3 1 0
github.com/fystack/mpcium/pkg/messaging/message_queue.go:159.51,161.2 1 0
github.com/fystack/mpcium/pkg/messaging/point2point.go:20.66,24.2 1 0
github.com/fystack/mpcium/pkg/messaging/point2point.go:26.69,29.16 2 0
github.com/fystack/mpcium/pkg/messaging/point2point.go:29.16,31.18 2 0
github.com/fystack/mpcium/pkg/messaging/point2point.go:31.18,33.5 1 0
github.com/fystack/mpcium/pkg/messaging/point2point.go:34.4,34.14 1 0
github.com/fystack/mpcium/pkg/messaging/point2point.go:39.41,41.4 1 0
github.com/fystack/mpcium/pkg/messaging/point2point.go:44.2,44.12 1 0
github.com/fystack/mpcium/pkg/messaging/point2point.go:47.98,48.57 1 0
github.com/fystack/mpcium/pkg/messaging/point2point.go:48.57,51.3 2 0
github.com/fystack/mpcium/pkg/messaging/point2point.go:52.2,52.16 1 0
github.com/fystack/mpcium/pkg/messaging/point2point.go:52.16,54.3 1 0
github.com/fystack/mpcium/pkg/messaging/point2point.go:56.2,56.50 1 0
github.com/fystack/mpcium/pkg/messaging/pubsub.go:36.49,38.2 1 0
github.com/fystack/mpcium/pkg/messaging/pubsub.go:40.54,42.2 1 0
github.com/fystack/mpcium/pkg/messaging/pubsub.go:44.48,46.2 1 0
github.com/fystack/mpcium/pkg/messaging/pubsub.go:48.66,51.2 2 0
github.com/fystack/mpcium/pkg/messaging/pubsub.go:53.79,59.2 1 0
github.com/fystack/mpcium/pkg/messaging/pubsub.go:61.97,64.62 1 0
github.com/fystack/mpcium/pkg/messaging/pubsub.go:64.62,66.3 1 0
github.com/fystack/mpcium/pkg/messaging/pubsub.go:67.2,67.16 1 0
github.com/fystack/mpcium/pkg/messaging/pubsub.go:67.16,69.3 1 0
github.com/fystack/mpcium/pkg/messaging/pubsub.go:71.2,71.50 1 0
github.com/fystack/mpcium/pkg/messaging/pubsub.go:94.61,95.39 1 0
github.com/fystack/mpcium/pkg/messaging/pubsub.go:95.39,97.3 1 0
github.com/fystack/mpcium/pkg/messaging/pubsub.go:100.68,101.39 1 0
github.com/fystack/mpcium/pkg/messaging/pubsub.go:101.39,103.3 1 0
github.com/fystack/mpcium/pkg/messaging/pubsub.go:106.63,107.39 1 0
github.com/fystack/mpcium/pkg/messaging/pubsub.go:107.39,109.3 1 0
github.com/fystack/mpcium/pkg/messaging/pubsub.go:112.58,113.39 1 0
github.com/fystack/mpcium/pkg/messaging/pubsub.go:113.39,115.3 1 0
github.com/fystack/mpcium/pkg/messaging/pubsub.go:118.70,119.39 1 0
github.com/fystack/mpcium/pkg/messaging/pubsub.go:119.39,121.3 1 0
github.com/fystack/mpcium/pkg/messaging/pubsub.go:124.60,125.39 1 0
github.com/fystack/mpcium/pkg/messaging/pubsub.go:125.39,127.3 1 0
github.com/fystack/mpcium/pkg/messaging/pubsub.go:130.66,131.39 1 0
github.com/fystack/mpcium/pkg/messaging/pubsub.go:131.39,133.3 1 0
github.com/fystack/mpcium/pkg/messaging/pubsub.go:136.63,137.39 1 0
github.com/fystack/mpcium/pkg/messaging/pubsub.go:137.39,139.3 1 0
github.com/fystack/mpcium/pkg/messaging/pubsub.go:148.134,159.27 2 0
github.com/fystack/mpcium/pkg/messaging/pubsub.go:159.27,161.3 1 0
github.com/fystack/mpcium/pkg/messaging/pubsub.go:163.2,164.16 2 0
github.com/fystack/mpcium/pkg/messaging/pubsub.go:164.16,166.3 1 0
github.com/fystack/mpcium/pkg/messaging/pubsub.go:168.2,170.16 3 0
github.com/fystack/mpcium/pkg/messaging/pubsub.go:170.16,172.3 1 0
github.com/fystack/mpcium/pkg/messaging/pubsub.go:173.2,173.19 1 0
github.com/fystack/mpcium/pkg/messaging/pubsub.go:173.19,175.17 2 0
github.com/fystack/mpcium/pkg/messaging/pubsub.go:175.17,177.4 1 0
github.com/fystack/mpcium/pkg/messaging/pubsub.go:180.2,187.16 2 0
github.com/fystack/mpcium/pkg/messaging/pubsub.go:187.16,189.3 1 0
github.com/fystack/mpcium/pkg/messaging/pubsub.go:191.2,197.8 2 0
github.com/fystack/mpcium/pkg/messaging/pubsub.go:200.71,203.2 2 0
github.com/fystack/mpcium/pkg/messaging/pubsub.go:205.47,215.73 7 0
github.com/fystack/mpcium/pkg/messaging/pubsub.go:215.73,217.3 1 0
github.com/fystack/mpcium/pkg/messaging/pubsub.go:219.2,219.13 1 0
github.com/fystack/mpcium/pkg/messaging/pubsub.go:222.119,240.16 5 0
github.com/fystack/mpcium/pkg/messaging/pubsub.go:240.16,242.3 1 0
github.com/fystack/mpcium/pkg/messaging/pubsub.go:244.2,244.21 1 0
github.com/fystack/mpcium/pkg/messaging/pubsub.go:244.21,246.3 1 0
github.com/fystack/mpcium/pkg/messaging/pubsub.go:248.2,248.52 1 0
github.com/fystack/mpcium/pkg/messaging/pubsub.go:248.52,251.3 2 0
github.com/fystack/mpcium/pkg/messaging/pubsub.go:253.2,253.16 1 0
github.com/fystack/mpcium/pkg/messaging/pubsub.go:253.16,255.3 1 0
github.com/fystack/mpcium/pkg/messaging/pubsub.go:257.2,257.56 1 0
github.com/fystack/mpcium/pkg/encoding/ecdsa.go:7.64,10.2 2 1
github.com/fystack/mpcium/pkg/encoding/eddsa.go:7.67,10.2 2 1
github.com/fystack/mpcium/pkg/encoding/eddsa.go:12.71,14.16 2 1
github.com/fystack/mpcium/pkg/encoding/eddsa.go:14.16,16.3 1 1
github.com/fystack/mpcium/pkg/encoding/eddsa.go:17.2,17.20 1 1
github.com/fystack/mpcium/pkg/types/initiator_msg.go:44.47,60.2 2 1
github.com/fystack/mpcium/pkg/types/initiator_msg.go:62.38,64.2 1 1
github.com/fystack/mpcium/pkg/types/initiator_msg.go:66.46,68.2 1 1
github.com/fystack/mpcium/pkg/types/initiator_msg.go:70.52,72.2 1 1
github.com/fystack/mpcium/pkg/types/initiator_msg.go:74.43,76.2 1 1
github.com/fystack/mpcium/pkg/types/initiator_msg.go:78.51,80.2 1 1
github.com/fystack/mpcium/pkg/types/initiator_msg.go:82.50,84.2 1 1
github.com/fystack/mpcium/pkg/types/initiator_msg.go:86.41,88.2 1 1
github.com/fystack/mpcium/pkg/types/initiator_msg.go:90.49,92.2 1 1
github.com/fystack/mpcium/pkg/types/tss.go:32.14,42.2 2 1
github.com/fystack/mpcium/pkg/types/tss.go:44.60,46.16 2 1
github.com/fystack/mpcium/pkg/types/tss.go:46.16,48.3 1 0
github.com/fystack/mpcium/pkg/types/tss.go:50.2,50.22 1 1
github.com/fystack/mpcium/pkg/types/tss.go:60.19,70.16 3 1
github.com/fystack/mpcium/pkg/types/tss.go:70.16,72.3 1 0
github.com/fystack/mpcium/pkg/types/tss.go:74.2,74.22 1 1
github.com/fystack/mpcium/pkg/types/tss.go:77.64,80.16 3 1
github.com/fystack/mpcium/pkg/types/tss.go:80.16,82.3 1 1
github.com/fystack/mpcium/pkg/types/tss.go:84.2,84.17 1 1
github.com/fystack/mpcium/pkg/types/tss.go:91.57,97.16 3 1
github.com/fystack/mpcium/pkg/types/tss.go:97.16,99.3 1 0
github.com/fystack/mpcium/pkg/types/tss.go:101.2,101.22 1 1
github.com/fystack/mpcium/pkg/types/tss.go:104.68,107.16 3 1
github.com/fystack/mpcium/pkg/types/tss.go:107.16,109.3 1 1
github.com/fystack/mpcium/pkg/types/tss.go:111.2,111.17 1 1
github.com/fystack/mpcium/pkg/types/tss.go:114.65,116.16 2 0
github.com/fystack/mpcium/pkg/types/tss.go:116.16,118.3 1 0
github.com/fystack/mpcium/pkg/types/tss.go:119.2,120.16 2 0
github.com/fystack/mpcium/pkg/types/tss.go:120.16,122.3 1 0
github.com/fystack/mpcium/pkg/types/tss.go:123.2,123.12 1 0
github.com/fystack/mpcium/pkg/types/tss.go:127.60,141.2 2 1
github.com/fystack/mpcium/pkg/types/tss.go:144.51,146.32 2 1
github.com/fystack/mpcium/pkg/types/tss.go:146.32,148.3 1 1
github.com/fystack/mpcium/pkg/types/tss.go:149.2,150.12 2 1
github.com/fystack/mpcium/pkg/mpc/ecdsa_keygen_session.go:44.23,61.42 1 0
github.com/fystack/mpcium/pkg/mpc/ecdsa_keygen_session.go:61.42,63.6 1 0
github.com/fystack/mpcium/pkg/mpc/ecdsa_keygen_session.go:64.52,66.6 1 0
github.com/fystack/mpcium/pkg/mpc/ecdsa_keygen_session.go:68.45,70.5 1 0
github.com/fystack/mpcium/pkg/mpc/ecdsa_keygen_session.go:80.37,86.2 5 0
github.com/fystack/mpcium/pkg/mpc/ecdsa_keygen_session.go:88.55,90.12 2 0
github.com/fystack/mpcium/pkg/mpc/ecdsa_keygen_session.go:90.12,91.41 1 0
github.com/fystack/mpcium/pkg/mpc/ecdsa_keygen_session.go:91.41,93.4 1 0
github.com/fystack/mpcium/pkg/mpc/ecdsa_keygen_session.go:96.2,96.6 1 0
github.com/fystack/mpcium/pkg/mpc/ecdsa_keygen_session.go:96.6,97.10 1 0
github.com/fystack/mpcium/pkg/mpc/ecdsa_keygen_session.go:98.25,99.27 1 0
github.com/fystack/mpcium/pkg/mpc/ecdsa_keygen_session.go:100.30,102.18 2 0
github.com/fystack/mpcium/pkg/mpc/ecdsa_keygen_session.go:102.18,105.5 2 0
github.com/fystack/mpcium/pkg/mpc/ecdsa_keygen_session.go:107.4,108.18 2 0
github.com/fystack/mpcium/pkg/mpc/ecdsa_keygen_session.go:108.18,112.5 3 0
github.com/fystack/mpcium/pkg/mpc/ecdsa_keygen_session.go:114.4,121.18 3 0
github.com/fystack/mpcium/pkg/mpc/ecdsa_keygen_session.go:121.18,125.5 3 0
github.com/fystack/mpcium/pkg/mpc/ecdsa_keygen_session.go:127.4,136.18 4 0
github.com/fystack/mpcium/pkg/mpc/ecdsa_keygen_session.go:136.18,140.5 3 0
github.com/fystack/mpcium/pkg/mpc/ecdsa_keygen_session.go:141.4,143.18 3 0
github.com/fystack/mpcium/pkg/mpc/ecdsa_keygen_session.go:143.18,145.5 1 0
github.com/fystack/mpcium/pkg/mpc/ecdsa_keygen_session.go:146.4,147.10 2 0
github.com/fystack/mpcium/pkg/mpc/ecdsa_resharing_session.go:52.24,68.41 1 0
github.com/fystack/mpcium/pkg/mpc/ecdsa_resharing_session.go:68.41,70.5 1 0
github.com/fystack/mpcium/pkg/mpc/ecdsa_resharing_session.go:71.51,73.5 1 0
github.com/fystack/mpcium/pkg/mpc/ecdsa_resharing_session.go:75.44,77.4 1 0
github.com/fystack/mpcium/pkg/mpc/ecdsa_resharing_session.go:83.2,99.3 2 0
github.com/fystack/mpcium/pkg/mpc/ecdsa_resharing_session.go:102.38,106.18 3 0
github.com/fystack/mpcium/pkg/mpc/ecdsa_resharing_session.go:106.18,110.3 2 0
github.com/fystack/mpcium/pkg/mpc/ecdsa_resharing_session.go:110.8,112.17 2 0
github.com/fystack/mpcium/pkg/mpc/ecdsa_resharing_session.go:112.17,115.4 2 0
github.com/fystack/mpcium/pkg/mpc/ecdsa_resharing_session.go:118.2,121.86 2 0
github.com/fystack/mpcium/pkg/mpc/ecdsa_resharing_session.go:124.52,126.12 2 0
github.com/fystack/mpcium/pkg/mpc/ecdsa_resharing_session.go:126.12,127.41 1 0
github.com/fystack/mpcium/pkg/mpc/ecdsa_resharing_session.go:127.41,129.4 1 0
github.com/fystack/mpcium/pkg/mpc/ecdsa_resharing_session.go:132.2,132.6 1 0
github.com/fystack/mpcium/pkg/mpc/ecdsa_resharing_session.go:132.6,133.10 1 0
github.com/fystack/mpcium/pkg/mpc/ecdsa_resharing_session.go:134.30,136.32 1 0
github.com/fystack/mpcium/pkg/mpc/ecdsa_resharing_session.go:136.32,139.19 2 0
github.com/fystack/mpcium/pkg/mpc/ecdsa_resharing_session.go:139.19,142.6 2 0
github.com/fystack/mpcium/pkg/mpc/ecdsa_resharing_session.go:144.5,146.56 3 0
github.com/fystack/mpcium/pkg/mpc/ecdsa_resharing_session.go:146.56,149.6 2 0
github.com/fystack/mpcium/pkg/mpc/ecdsa_resharing_session.go:151.5,158.83 2 0
github.com/fystack/mpcium/pkg/mpc/ecdsa_resharing_session.go:158.83,161.6 2 0
github.com/fystack/mpcium/pkg/mpc/ecdsa_resharing_session.go:163.5,171.19 4 0
github.com/fystack/mpcium/pkg/mpc/ecdsa_resharing_session.go:171.19,175.6 3 0
github.com/fystack/mpcium/pkg/mpc/ecdsa_resharing_session.go:178.5,181.33 2 0
github.com/fystack/mpcium/pkg/mpc/ecdsa_resharing_session.go:184.4,186.18 3 0
github.com/fystack/mpcium/pkg/mpc/ecdsa_resharing_session.go:186.18,188.5 1 0
github.com/fystack/mpcium/pkg/mpc/ecdsa_resharing_session.go:189.4,189.10 1 0
github.com/fystack/mpcium/pkg/mpc/ecdsa_resharing_session.go:190.25,192.27 1 0
github.com/fystack/mpcium/pkg/mpc/ecdsa_rounds.go:38.94,40.16 2 0
github.com/fystack/mpcium/pkg/mpc/ecdsa_rounds.go:40.16,42.3 1 0
github.com/fystack/mpcium/pkg/mpc/ecdsa_rounds.go:43.2,43.36 1 0
github.com/fystack/mpcium/pkg/mpc/ecdsa_rounds.go:44.31,48.9 1 0
github.com/fystack/mpcium/pkg/mpc/ecdsa_rounds.go:50.32,54.9 1 0
github.com/fystack/mpcium/pkg/mpc/ecdsa_rounds.go:56.32,60.9 1 0
github.com/fystack/mpcium/pkg/mpc/ecdsa_rounds.go:62.31,66.9 1 0
github.com/fystack/mpcium/pkg/mpc/ecdsa_rounds.go:68.35,72.9 1 0
github.com/fystack/mpcium/pkg/mpc/ecdsa_rounds.go:74.35,78.9 1 0
github.com/fystack/mpcium/pkg/mpc/ecdsa_rounds.go:80.34,84.9 1 0
github.com/fystack/mpcium/pkg/mpc/ecdsa_rounds.go:86.34,90.9 1 0
github.com/fystack/mpcium/pkg/mpc/ecdsa_rounds.go:92.34,96.9 1 0
github.com/fystack/mpcium/pkg/mpc/ecdsa_rounds.go:98.34,102.9 1 0
github.com/fystack/mpcium/pkg/mpc/ecdsa_rounds.go:104.34,108.9 1 0
github.com/fystack/mpcium/pkg/mpc/ecdsa_rounds.go:110.34,114.9 1 0
github.com/fystack/mpcium/pkg/mpc/ecdsa_rounds.go:115.34,119.9 1 0
github.com/fystack/mpcium/pkg/mpc/ecdsa_rounds.go:120.34,124.9 1 0
github.com/fystack/mpcium/pkg/mpc/ecdsa_rounds.go:125.34,129.9 1 0
github.com/fystack/mpcium/pkg/mpc/ecdsa_rounds.go:130.35,134.9 1 0
github.com/fystack/mpcium/pkg/mpc/ecdsa_rounds.go:135.35,139.9 1 0
github.com/fystack/mpcium/pkg/mpc/ecdsa_rounds.go:140.35,144.9 1 0
github.com/fystack/mpcium/pkg/mpc/ecdsa_rounds.go:145.35,149.9 1 0
github.com/fystack/mpcium/pkg/mpc/ecdsa_rounds.go:150.35,154.9 1 0
github.com/fystack/mpcium/pkg/mpc/ecdsa_rounds.go:155.35,159.9 1 0
github.com/fystack/mpcium/pkg/mpc/ecdsa_rounds.go:160.10,161.50 1 0
github.com/fystack/mpcium/pkg/mpc/ecdsa_rounds.go:165.43,167.2 1 0
github.com/fystack/mpcium/pkg/mpc/ecdsa_signing_session.go:55.24,71.42 1 0
github.com/fystack/mpcium/pkg/mpc/ecdsa_signing_session.go:71.42,73.6 1 0
github.com/fystack/mpcium/pkg/mpc/ecdsa_signing_session.go:74.52,76.6 1 0
github.com/fystack/mpcium/pkg/mpc/ecdsa_signing_session.go:78.45,80.5 1 0
github.com/fystack/mpcium/pkg/mpc/ecdsa_signing_session.go:91.55,97.16 5 0
github.com/fystack/mpcium/pkg/mpc/ecdsa_signing_session.go:97.16,99.3 1 0
github.com/fystack/mpcium/pkg/mpc/ecdsa_signing_session.go:101.2,101.53 1 0
github.com/fystack/mpcium/pkg/mpc/ecdsa_signing_session.go:101.53,104.3 2 0
github.com/fystack/mpcium/pkg/mpc/ecdsa_signing_session.go:107.2,108.39 2 0
github.com/fystack/mpcium/pkg/mpc/ecdsa_signing_session.go:108.39,114.3 1 0
github.com/fystack/mpcium/pkg/mpc/ecdsa_signing_session.go:116.2,119.16 3 0
github.com/fystack/mpcium/pkg/mpc/ecdsa_signing_session.go:119.16,121.3 1 0
github.com/fystack/mpcium/pkg/mpc/ecdsa_signing_session.go:123.2,125.16 3 0
github.com/fystack/mpcium/pkg/mpc/ecdsa_signing_session.go:125.16,127.3 1 0
github.com/fystack/mpcium/pkg/mpc/ecdsa_signing_session.go:129.2,134.12 6 0
github.com/fystack/mpcium/pkg/mpc/ecdsa_signing_session.go:137.65,139.12 2 0
github.com/fystack/mpcium/pkg/mpc/ecdsa_signing_session.go:139.12,140.41 1 0
github.com/fystack/mpcium/pkg/mpc/ecdsa_signing_session.go:140.41,142.4 1 0
github.com/fystack/mpcium/pkg/mpc/ecdsa_signing_session.go:145.2,145.6 1 0
github.com/fystack/mpcium/pkg/mpc/ecdsa_signing_session.go:145.6,147.10 1 0
github.com/fystack/mpcium/pkg/mpc/ecdsa_signing_session.go:148.25,149.27 1 0
github.com/fystack/mpcium/pkg/mpc/ecdsa_signing_session.go:150.25,159.11 4 0
github.com/fystack/mpcium/pkg/mpc/ecdsa_signing_session.go:159.11,162.5 2 0
github.com/fystack/mpcium/pkg/mpc/ecdsa_signing_session.go:164.4,175.18 3 0
github.com/fystack/mpcium/pkg/mpc/ecdsa_signing_session.go:175.18,178.5 2 0
github.com/fystack/mpcium/pkg/mpc/ecdsa_signing_session.go:180.4,183.18 2 0
github.com/fystack/mpcium/pkg/mpc/ecdsa_signing_session.go:183.18,187.5 2 0
github.com/fystack/mpcium/pkg/mpc/ecdsa_signing_session.go:189.4,191.18 3 0
github.com/fystack/mpcium/pkg/mpc/ecdsa_signing_session.go:191.18,193.5 1 0
github.com/fystack/mpcium/pkg/mpc/ecdsa_signing_session.go:195.4,196.10 2 0
github.com/fystack/mpcium/pkg/mpc/eddsa_keygen_session.go:34.23,49.41 1 0
github.com/fystack/mpcium/pkg/mpc/eddsa_keygen_session.go:49.41,51.5 1 0
github.com/fystack/mpcium/pkg/mpc/eddsa_keygen_session.go:52.51,54.5 1 0
github.com/fystack/mpcium/pkg/mpc/eddsa_keygen_session.go:56.44,58.4 1 0
github.com/fystack/mpcium/pkg/mpc/eddsa_keygen_session.go:68.37,74.2 5 0
github.com/fystack/mpcium/pkg/mpc/eddsa_keygen_session.go:76.55,78.12 2 0
github.com/fystack/mpcium/pkg/mpc/eddsa_keygen_session.go:78.12,79.41 1 0
github.com/fystack/mpcium/pkg/mpc/eddsa_keygen_session.go:79.41,81.4 1 0
github.com/fystack/mpcium/pkg/mpc/eddsa_keygen_session.go:84.2,84.6 1 0
github.com/fystack/mpcium/pkg/mpc/eddsa_keygen_session.go:84.6,85.10 1 0
github.com/fystack/mpcium/pkg/mpc/eddsa_keygen_session.go:86.25,87.27 1 0
github.com/fystack/mpcium/pkg/mpc/eddsa_keygen_session.go:88.30,90.18 2 0
github.com/fystack/mpcium/pkg/mpc/eddsa_keygen_session.go:90.18,93.5 2 0
github.com/fystack/mpcium/pkg/mpc/eddsa_keygen_session.go:95.4,96.18 2 0
github.com/fystack/mpcium/pkg/mpc/eddsa_keygen_session.go:96.18,100.5 3 0
github.com/fystack/mpcium/pkg/mpc/eddsa_keygen_session.go:102.4,109.18 3 0
github.com/fystack/mpcium/pkg/mpc/eddsa_keygen_session.go:109.18,113.5 3 0
github.com/fystack/mpcium/pkg/mpc/eddsa_keygen_session.go:115.4,127.18 7 0
github.com/fystack/mpcium/pkg/mpc/eddsa_keygen_session.go:127.18,129.5 1 0
github.com/fystack/mpcium/pkg/mpc/eddsa_keygen_session.go:130.4,131.10 2 0
github.com/fystack/mpcium/pkg/mpc/eddsa_resharing_session.go:43.24,58.41 1 0
github.com/fystack/mpcium/pkg/mpc/eddsa_resharing_session.go:58.41,60.5 1 0
github.com/fystack/mpcium/pkg/mpc/eddsa_resharing_session.go:61.51,63.5 1 0
github.com/fystack/mpcium/pkg/mpc/eddsa_resharing_session.go:65.44,67.4 1 0
github.com/fystack/mpcium/pkg/mpc/eddsa_resharing_session.go:74.2,91.3 2 0
github.com/fystack/mpcium/pkg/mpc/eddsa_resharing_session.go:94.38,97.18 3 0
github.com/fystack/mpcium/pkg/mpc/eddsa_resharing_session.go:97.18,100.3 1 0
github.com/fystack/mpcium/pkg/mpc/eddsa_resharing_session.go:100.8,102.17 2 0
github.com/fystack/mpcium/pkg/mpc/eddsa_resharing_session.go:102.17,105.4 2 0
github.com/fystack/mpcium/pkg/mpc/eddsa_resharing_session.go:107.2,109.86 2 0
github.com/fystack/mpcium/pkg/mpc/eddsa_resharing_session.go:112.52,114.12 2 0
github.com/fystack/mpcium/pkg/mpc/eddsa_resharing_session.go:114.12,115.41 1 0
github.com/fystack/mpcium/pkg/mpc/eddsa_resharing_session.go:115.41,117.4 1 0
github.com/fystack/mpcium/pkg/mpc/eddsa_resharing_session.go:120.2,120.6 1 0
github.com/fystack/mpcium/pkg/mpc/eddsa_resharing_session.go:120.6,121.10 1 0
github.com/fystack/mpcium/pkg/mpc/eddsa_resharing_session.go:122.30,123.32 1 0
github.com/fystack/mpcium/pkg/mpc/eddsa_resharing_session.go:123.32,125.19 2 0
github.com/fystack/mpcium/pkg/mpc/eddsa_resharing_session.go:125.19,128.6 2 0
github.com/fystack/mpcium/pkg/mpc/eddsa_resharing_session.go:130.5,132.56 3 0
github.com/fystack/mpcium/pkg/mpc/eddsa_resharing_session.go:132.56,135.6 2 0
github.com/fystack/mpcium/pkg/mpc/eddsa_resharing_session.go:137.5,144.83 2 0
github.com/fystack/mpcium/pkg/mpc/eddsa_resharing_session.go:144.83,147.6 2 0
github.com/fystack/mpcium/pkg/mpc/eddsa_resharing_session.go:150.5,150.33 1 0
github.com/fystack/mpcium/pkg/mpc/eddsa_resharing_session.go:150.33,167.6 6 0
github.com/fystack/mpcium/pkg/mpc/eddsa_resharing_session.go:169.4,171.18 3 0
github.com/fystack/mpcium/pkg/mpc/eddsa_resharing_session.go:171.18,173.5 1 0
github.com/fystack/mpcium/pkg/mpc/eddsa_resharing_session.go:174.4,174.10 1 0
github.com/fystack/mpcium/pkg/mpc/eddsa_resharing_session.go:175.25,177.27 1 0
github.com/fystack/mpcium/pkg/mpc/eddsa_rounds.go:37.94,39.16 2 0
github.com/fystack/mpcium/pkg/mpc/eddsa_rounds.go:39.16,41.3 1 0
github.com/fystack/mpcium/pkg/mpc/eddsa_rounds.go:42.2,42.36 1 0
github.com/fystack/mpcium/pkg/mpc/eddsa_rounds.go:43.31,47.9 1 0
github.com/fystack/mpcium/pkg/mpc/eddsa_rounds.go:49.32,53.9 1 0
github.com/fystack/mpcium/pkg/mpc/eddsa_rounds.go:55.32,59.9 1 0
github.com/fystack/mpcium/pkg/mpc/eddsa_rounds.go:61.34,65.9 1 0
github.com/fystack/mpcium/pkg/mpc/eddsa_rounds.go:67.34,71.9 1 0
github.com/fystack/mpcium/pkg/mpc/eddsa_rounds.go:73.34,77.9 1 0
github.com/fystack/mpcium/pkg/mpc/eddsa_rounds.go:79.34,83.9 1 0
github.com/fystack/mpcium/pkg/mpc/eddsa_rounds.go:85.34,89.9 1 0
github.com/fystack/mpcium/pkg/mpc/eddsa_rounds.go:91.35,95.9 1 0
github.com/fystack/mpcium/pkg/mpc/eddsa_rounds.go:97.35,101.9 1 0
github.com/fystack/mpcium/pkg/mpc/eddsa_rounds.go:103.34,107.9 1 0
github.com/fystack/mpcium/pkg/mpc/eddsa_rounds.go:109.10,110.50 1 0
github.com/fystack/mpcium/pkg/mpc/eddsa_signing_session.go:46.24,62.42 1 0
github.com/fystack/mpcium/pkg/mpc/eddsa_signing_session.go:62.42,64.6 1 0
github.com/fystack/mpcium/pkg/mpc/eddsa_signing_session.go:65.52,67.6 1 0
github.com/fystack/mpcium/pkg/mpc/eddsa_signing_session.go:69.45,71.5 1 0
github.com/fystack/mpcium/pkg/mpc/eddsa_signing_session.go:82.55,88.16 5 0
github.com/fystack/mpcium/pkg/mpc/eddsa_signing_session.go:88.16,90.3 1 0
github.com/fystack/mpcium/pkg/mpc/eddsa_signing_session.go:92.2,92.53 1 0
github.com/fystack/mpcium/pkg/mpc/eddsa_signing_session.go:92.53,95.3 2 0
github.com/fystack/mpcium/pkg/mpc/eddsa_signing_session.go:98.2,99.39 2 0
github.com/fystack/mpcium/pkg/mpc/eddsa_signing_session.go:99.39,105.3 1 0
github.com/fystack/mpcium/pkg/mpc/eddsa_signing_session.go:107.2,110.16 4 0
github.com/fystack/mpcium/pkg/mpc/eddsa_signing_session.go:110.16,112.3 1 0
github.com/fystack/mpcium/pkg/mpc/eddsa_signing_session.go:114.2,116.16 3 0
github.com/fystack/mpcium/pkg/mpc/eddsa_signing_session.go:116.16,118.3 1 0
github.com/fystack/mpcium/pkg/mpc/eddsa_signing_session.go:120.2,125.12 6 0
github.com/fystack/mpcium/pkg/mpc/eddsa_signing_session.go:128.65,130.12 2 0
github.com/fystack/mpcium/pkg/mpc/eddsa_signing_session.go:130.12,131.41 1 0
github.com/fystack/mpcium/pkg/mpc/eddsa_signing_session.go:131.41,133.4 1 0
github.com/fystack/mpcium/pkg/mpc/eddsa_signing_session.go:136.2,136.6 1 0
github.com/fystack/mpcium/pkg/mpc/eddsa_signing_session.go:136.6,138.10 1 0
github.com/fystack/mpcium/pkg/mpc/eddsa_signing_session.go:139.25,140.27 1 0
github.com/fystack/mpcium/pkg/mpc/eddsa_signing_session.go:141.25,150.11 4 0
github.com/fystack/mpcium/pkg/mpc/eddsa_signing_session.go:150.11,153.5 2 0
github.com/fystack/mpcium/pkg/mpc/eddsa_signing_session.go:155.4,164.18 3 0
github.com/fystack/mpcium/pkg/mpc/eddsa_signing_session.go:164.18,167.5 2 0
github.com/fystack/mpcium/pkg/mpc/eddsa_signing_session.go:169.4,172.18 2 0
github.com/fystack/mpcium/pkg/mpc/eddsa_signing_session.go:172.18,175.5 2 0
github.com/fystack/mpcium/pkg/mpc/eddsa_signing_session.go:177.4,180.18 3 0
github.com/fystack/mpcium/pkg/mpc/eddsa_signing_session.go:180.18,182.5 1 0
github.com/fystack/mpcium/pkg/mpc/eddsa_signing_session.go:184.4,185.10 2 0
github.com/fystack/mpcium/pkg/mpc/node.go:48.56,50.2 1 1
github.com/fystack/mpcium/pkg/mpc/node.go:52.46,54.2 1 0
github.com/fystack/mpcium/pkg/mpc/node.go:56.44,58.2 1 0
github.com/fystack/mpcium/pkg/mpc/node.go:69.9,88.2 7 0
github.com/fystack/mpcium/pkg/mpc/node.go:90.28,92.2 1 0
github.com/fystack/mpcium/pkg/mpc/node.go:99.26,100.37 1 0
github.com/fystack/mpcium/pkg/mpc/node.go:100.37,106.3 1 0
github.com/fystack/mpcium/pkg/mpc/node.go:108.2,109.20 2 0
github.com/fystack/mpcium/pkg/mpc/node.go:109.20,111.3 1 0
github.com/fystack/mpcium/pkg/mpc/node.go:113.2,113.21 1 0
github.com/fystack/mpcium/pkg/mpc/node.go:114.24,115.86 1 0
github.com/fystack/mpcium/pkg/mpc/node.go:116.24,117.86 1 0
github.com/fystack/mpcium/pkg/mpc/node.go:118.10,119.66 1 0
github.com/fystack/mpcium/pkg/mpc/node.go:123.145,141.2 4 0
github.com/fystack/mpcium/pkg/mpc/node.go:143.145,160.2 4 0
github.com/fystack/mpcium/pkg/mpc/node.go:168.27,171.16 3 0
github.com/fystack/mpcium/pkg/mpc/node.go:171.16,173.3 1 0
github.com/fystack/mpcium/pkg/mpc/node.go:175.2,187.52 4 0
github.com/fystack/mpcium/pkg/mpc/node.go:187.52,189.3 1 0
github.com/fystack/mpcium/pkg/mpc/node.go:191.2,191.59 1 0
github.com/fystack/mpcium/pkg/mpc/node.go:191.59,193.3 1 0
github.com/fystack/mpcium/pkg/mpc/node.go:195.2,197.21 2 0
github.com/fystack/mpcium/pkg/mpc/node.go:198.24,214.9 1 0
github.com/fystack/mpcium/pkg/mpc/node.go:216.24,231.9 1 0
github.com/fystack/mpcium/pkg/mpc/node.go:234.2,234.48 1 0
github.com/fystack/mpcium/pkg/mpc/node.go:237.95,239.21 2 0
github.com/fystack/mpcium/pkg/mpc/node.go:240.24,241.44 1 0
github.com/fystack/mpcium/pkg/mpc/node.go:242.24,243.44 1 0
github.com/fystack/mpcium/pkg/mpc/node.go:244.10,245.53 1 0
github.com/fystack/mpcium/pkg/mpc/node.go:247.2,247.34 1 0
github.com/fystack/mpcium/pkg/mpc/node.go:250.96,253.52 2 0
github.com/fystack/mpcium/pkg/mpc/node.go:253.52,254.42 1 0
github.com/fystack/mpcium/pkg/mpc/node.go:254.42,256.4 1 0
github.com/fystack/mpcium/pkg/mpc/node.go:259.2,259.28 1 0
github.com/fystack/mpcium/pkg/mpc/node.go:262.72,263.60 1 0
github.com/fystack/mpcium/pkg/mpc/node.go:263.60,265.3 1 0
github.com/fystack/mpcium/pkg/mpc/node.go:266.2,266.12 1 0
github.com/fystack/mpcium/pkg/mpc/node.go:277.27,280.35 2 0
github.com/fystack/mpcium/pkg/mpc/node.go:280.35,286.3 1 0
github.com/fystack/mpcium/pkg/mpc/node.go:288.2,288.38 1 0
github.com/fystack/mpcium/pkg/mpc/node.go:288.38,290.3 1 0
github.com/fystack/mpcium/pkg/mpc/node.go:293.2,294.36 2 0
github.com/fystack/mpcium/pkg/mpc/node.go:294.36,295.45 1 0
github.com/fystack/mpcium/pkg/mpc/node.go:295.45,297.4 1 0
github.com/fystack/mpcium/pkg/mpc/node.go:301.2,302.16 2 0
github.com/fystack/mpcium/pkg/mpc/node.go:302.16,304.3 1 0
github.com/fystack/mpcium/pkg/mpc/node.go:305.2,307.16 3 0
github.com/fystack/mpcium/pkg/mpc/node.go:307.16,309.3 1 0
github.com/fystack/mpcium/pkg/mpc/node.go:311.2,315.36 3 0
github.com/fystack/mpcium/pkg/mpc/node.go:315.36,318.3 2 0
github.com/fystack/mpcium/pkg/mpc/node.go:319.2,319.37 1 0
github.com/fystack/mpcium/pkg/mpc/node.go:319.37,322.3 2 0
github.com/fystack/mpcium/pkg/mpc/node.go:325.2,331.15 5 0
github.com/fystack/mpcium/pkg/mpc/node.go:331.15,333.3 1 0
github.com/fystack/mpcium/pkg/mpc/node.go:333.8,335.3 1 0
github.com/fystack/mpcium/pkg/mpc/node.go:337.2,337.21 1 0
github.com/fystack/mpcium/pkg/mpc/node.go:338.24,340.16 2 0
github.com/fystack/mpcium/pkg/mpc/node.go:340.16,342.4 1 0
github.com/fystack/mpcium/pkg/mpc/node.go:343.3,361.9 1 0
github.com/fystack/mpcium/pkg/mpc/node.go:363.24,381.9 1 0
github.com/fystack/mpcium/pkg/mpc/node.go:383.10,384.70 1 0
github.com/fystack/mpcium/pkg/mpc/node.go:395.43,400.38 2 0
github.com/fystack/mpcium/pkg/mpc/node.go:400.38,402.25 2 0
github.com/fystack/mpcium/pkg/mpc/node.go:402.25,404.4 1 0
github.com/fystack/mpcium/pkg/mpc/node.go:405.3,405.39 1 0
github.com/fystack/mpcium/pkg/mpc/node.go:409.2,410.8 2 0
github.com/fystack/mpcium/pkg/mpc/node.go:417.75,420.42 3 1
github.com/fystack/mpcium/pkg/mpc/node.go:420.42,422.3 1 1
github.com/fystack/mpcium/pkg/mpc/node.go:422.8,424.3 1 1
github.com/fystack/mpcium/pkg/mpc/node.go:425.2,425.44 1 1
github.com/fystack/mpcium/pkg/mpc/node.go:428.24,430.16 2 0
github.com/fystack/mpcium/pkg/mpc/node.go:430.16,432.3 1 0
github.com/fystack/mpcium/pkg/mpc/node.go:435.61,439.25 3 0
github.com/fystack/mpcium/pkg/mpc/node.go:439.25,442.31 3 0
github.com/fystack/mpcium/pkg/mpc/node.go:442.31,445.18 3 0
github.com/fystack/mpcium/pkg/mpc/node.go:445.18,447.5 1 0
github.com/fystack/mpcium/pkg/mpc/node.go:448.4,448.12 1 0
github.com/fystack/mpcium/pkg/mpc/node.go:451.3,452.17 2 0
github.com/fystack/mpcium/pkg/mpc/node.go:452.17,454.4 1 0
github.com/fystack/mpcium/pkg/mpc/node.go:455.3,456.17 2 0
github.com/fystack/mpcium/pkg/mpc/node.go:456.17,458.4 1 0
github.com/fystack/mpcium/pkg/mpc/node.go:459.3,460.17 2 0
github.com/fystack/mpcium/pkg/mpc/node.go:460.17,462.4 1 0
github.com/fystack/mpcium/pkg/mpc/node.go:463.3,463.24 1 0
github.com/fystack/mpcium/pkg/mpc/node.go:465.2,466.18 2 0
github.com/fystack/mpcium/pkg/mpc/node.go:469.73,471.21 2 0
github.com/fystack/mpcium/pkg/mpc/node.go:472.24,473.49 1 0
github.com/fystack/mpcium/pkg/mpc/node.go:474.24,475.49 1 0
github.com/fystack/mpcium/pkg/mpc/node.go:476.10,477.75 1 0
github.com/fystack/mpcium/pkg/mpc/node.go:479.2,480.16 2 0
github.com/fystack/mpcium/pkg/mpc/node.go:480.16,483.3 2 0
github.com/fystack/mpcium/pkg/mpc/node.go:484.2,484.24 1 0
github.com/fystack/mpcium/pkg/mpc/node.go:487.64,488.21 1 0
github.com/fystack/mpcium/pkg/mpc/node.go:489.24,490.22 1 0
github.com/fystack/mpcium/pkg/mpc/node.go:491.24,492.22 1 0
github.com/fystack/mpcium/pkg/mpc/node.go:493.10,494.69 1 0
github.com/fystack/mpcium/pkg/mpc/registry.go:45.13,53.2 1 0
github.com/fystack/mpcium/pkg/mpc/registry.go:55.73,57.37 2 0
github.com/fystack/mpcium/pkg/mpc/registry.go:57.37,58.23 1 0
github.com/fystack/mpcium/pkg/mpc/registry.go:58.23,60.4 1 0
github.com/fystack/mpcium/pkg/mpc/registry.go:62.2,62.16 1 0
github.com/fystack/mpcium/pkg/mpc/registry.go:65.51,67.2 1 0
github.com/fystack/mpcium/pkg/mpc/registry.go:69.57,70.33 1 0
github.com/fystack/mpcium/pkg/mpc/registry.go:70.33,72.13 2 0
github.com/fystack/mpcium/pkg/mpc/registry.go:72.13,75.4 2 0
github.com/fystack/mpcium/pkg/mpc/registry.go:75.9,75.20 1 0
github.com/fystack/mpcium/pkg/mpc/registry.go:75.20,78.4 2 0
github.com/fystack/mpcium/pkg/mpc/registry.go:80.3,80.28 1 0
github.com/fystack/mpcium/pkg/mpc/registry.go:83.2,83.52 1 0
github.com/fystack/mpcium/pkg/mpc/registry.go:83.52,88.3 4 0
github.com/fystack/mpcium/pkg/mpc/registry.go:94.34,103.16 4 0
github.com/fystack/mpcium/pkg/mpc/registry.go:103.16,105.3 1 0
github.com/fystack/mpcium/pkg/mpc/registry.go:107.2,107.12 1 0
github.com/fystack/mpcium/pkg/mpc/registry.go:110.38,114.25 3 0
github.com/fystack/mpcium/pkg/mpc/registry.go:114.25,116.17 2 0
github.com/fystack/mpcium/pkg/mpc/registry.go:116.17,118.4 1 0
github.com/fystack/mpcium/pkg/mpc/registry.go:120.3,121.49 2 0
github.com/fystack/mpcium/pkg/mpc/registry.go:121.49,127.44 5 0
github.com/fystack/mpcium/pkg/mpc/registry.go:127.44,128.16 1 0
github.com/fystack/mpcium/pkg/mpc/registry.go:128.16,130.6 1 0
github.com/fystack/mpcium/pkg/mpc/registry.go:133.4,134.30 2 0
github.com/fystack/mpcium/pkg/mpc/registry.go:134.30,135.42 1 0
github.com/fystack/mpcium/pkg/mpc/registry.go:135.42,139.6 3 0
github.com/fystack/mpcium/pkg/mpc/registry.go:144.3,144.40 1 0
github.com/fystack/mpcium/pkg/mpc/registry.go:149.37,150.6 1 0
github.com/fystack/mpcium/pkg/mpc/registry.go:150.6,152.25 2 0
github.com/fystack/mpcium/pkg/mpc/registry.go:152.25,154.4 1 0
github.com/fystack/mpcium/pkg/mpc/registry.go:158.47,160.2 1 0
github.com/fystack/mpcium/pkg/mpc/registry.go:162.56,164.42 2 0
github.com/fystack/mpcium/pkg/mpc/registry.go:164.42,165.14 1 0
github.com/fystack/mpcium/pkg/mpc/registry.go:165.14,167.4 1 0
github.com/fystack/mpcium/pkg/mpc/registry.go:170.2,171.16 2 0
github.com/fystack/mpcium/pkg/mpc/registry.go:174.75,176.28 2 0
github.com/fystack/mpcium/pkg/mpc/registry.go:176.28,179.17 3 0
github.com/fystack/mpcium/pkg/mpc/registry.go:179.17,181.4 1 0
github.com/fystack/mpcium/pkg/mpc/registry.go:182.3,182.29 1 0
github.com/fystack/mpcium/pkg/mpc/registry.go:182.29,183.12 1 0
github.com/fystack/mpcium/pkg/mpc/registry.go:186.3,186.36 1 0
github.com/fystack/mpcium/pkg/mpc/registry.go:189.2,189.14 1 0
github.com/fystack/mpcium/pkg/mpc/registry.go:192.41,197.2 3 0
github.com/fystack/mpcium/pkg/mpc/registry.go:199.47,202.2 2 0
github.com/fystack/mpcium/pkg/mpc/registry.go:204.35,208.16 3 0
github.com/fystack/mpcium/pkg/mpc/registry.go:208.16,210.3 1 0
github.com/fystack/mpcium/pkg/mpc/registry.go:212.2,212.12 1 0
github.com/fystack/mpcium/pkg/mpc/session.go:78.42,80.2 1 0
github.com/fystack/mpcium/pkg/mpc/session.go:82.45,84.2 1 0
github.com/fystack/mpcium/pkg/mpc/session.go:86.36,88.2 1 0
github.com/fystack/mpcium/pkg/mpc/session.go:90.58,92.16 2 0
github.com/fystack/mpcium/pkg/mpc/session.go:92.16,95.3 2 0
github.com/fystack/mpcium/pkg/mpc/session.go:97.2,99.16 3 0
github.com/fystack/mpcium/pkg/mpc/session.go:99.16,102.3 2 0
github.com/fystack/mpcium/pkg/mpc/session.go:103.2,105.16 3 0
github.com/fystack/mpcium/pkg/mpc/session.go:105.16,108.3 2 0
github.com/fystack/mpcium/pkg/mpc/session.go:109.2,110.32 2 0
github.com/fystack/mpcium/pkg/mpc/session.go:110.32,112.3 1 0
github.com/fystack/mpcium/pkg/mpc/session.go:113.2,114.49 2 0
github.com/fystack/mpcium/pkg/mpc/session.go:114.49,116.17 2 0
github.com/fystack/mpcium/pkg/mpc/session.go:116.17,119.4 2 0
github.com/fystack/mpcium/pkg/mpc/session.go:120.8,121.33 1 0
github.com/fystack/mpcium/pkg/mpc/session.go:121.33,125.18 4 0
github.com/fystack/mpcium/pkg/mpc/session.go:125.18,128.5 2 0
github.com/fystack/mpcium/pkg/mpc/session.go:135.52,137.16 2 0
github.com/fystack/mpcium/pkg/mpc/session.go:137.16,140.3 2 0
github.com/fystack/mpcium/pkg/mpc/session.go:141.2,142.16 2 0
github.com/fystack/mpcium/pkg/mpc/session.go:142.16,145.3 2 0
github.com/fystack/mpcium/pkg/mpc/session.go:147.2,148.28 2 0
github.com/fystack/mpcium/pkg/mpc/session.go:148.28,150.3 1 0
github.com/fystack/mpcium/pkg/mpc/session.go:152.2,153.16 2 0
github.com/fystack/mpcium/pkg/mpc/session.go:153.16,156.3 2 0
github.com/fystack/mpcium/pkg/mpc/session.go:157.2,160.28 4 0
github.com/fystack/mpcium/pkg/mpc/session.go:160.28,161.41 1 0
github.com/fystack/mpcium/pkg/mpc/session.go:161.41,163.9 2 0
github.com/fystack/mpcium/pkg/mpc/session.go:167.2,167.29 1 0
github.com/fystack/mpcium/pkg/mpc/session.go:167.29,171.24 4 0
github.com/fystack/mpcium/pkg/mpc/session.go:171.24,174.4 2 0
github.com/fystack/mpcium/pkg/mpc/session.go:179.58,185.16 5 0
github.com/fystack/mpcium/pkg/mpc/session.go:185.16,188.3 2 0
github.com/fystack/mpcium/pkg/mpc/session.go:189.2,189.70 1 0
github.com/fystack/mpcium/pkg/mpc/session.go:192.50,193.12 1 0
github.com/fystack/mpcium/pkg/mpc/session.go:193.12,194.98 1 0
github.com/fystack/mpcium/pkg/mpc/session.go:194.98,197.4 2 0
github.com/fystack/mpcium/pkg/mpc/session.go:199.3,199.17 1 0
github.com/fystack/mpcium/pkg/mpc/session.go:199.17,202.4 2 0
github.com/fystack/mpcium/pkg/mpc/session.go:204.3,204.23 1 0
github.com/fystack/mpcium/pkg/mpc/session.go:207.2,209.57 3 0
github.com/fystack/mpcium/pkg/mpc/session.go:209.57,211.3 1 0
github.com/fystack/mpcium/pkg/mpc/session.go:212.2,212.16 1 0
github.com/fystack/mpcium/pkg/mpc/session.go:212.16,214.3 1 0
github.com/fystack/mpcium/pkg/mpc/session.go:215.2,215.19 1 0
github.com/fystack/mpcium/pkg/mpc/session.go:219.33,221.16 2 0
github.com/fystack/mpcium/pkg/mpc/session.go:221.16,223.3 1 0
github.com/fystack/mpcium/pkg/mpc/session.go:224.2,225.16 2 0
github.com/fystack/mpcium/pkg/mpc/session.go:225.16,227.3 1 0
github.com/fystack/mpcium/pkg/mpc/session.go:228.2,228.12 1 0
github.com/fystack/mpcium/pkg/mpc/session.go:231.44,233.2 1 0
github.com/fystack/mpcium/pkg/mpc/session.go:235.42,237.2 1 0
github.com/fystack/mpcium/pkg/mpc/session.go:239.36,241.2 1 0
github.com/fystack/mpcium/pkg/mpc/session.go:244.97,252.17 2 0
github.com/fystack/mpcium/pkg/mpc/session.go:252.17,255.3 2 0
github.com/fystack/mpcium/pkg/mpc/session.go:258.2,258.32 1 0
github.com/fystack/mpcium/pkg/mpc/session.go:258.32,261.3 2 0
github.com/fystack/mpcium/pkg/mpc/session.go:263.2,263.16 1 0
github.com/fystack/mpcium/pkg/mpc/session.go:263.16,265.3 1 0
github.com/fystack/mpcium/pkg/mpc/session.go:267.2,267.54 1 0
github.com/fystack/mpcium/pkg/mpc/session.go:267.54,269.3 1 0
github.com/fystack/mpcium/pkg/mpc/session.go:270.2,270.12 1 0
github.com/fystack/mpcium/pkg/mpc/session.go:274.63,275.17 1 0
github.com/fystack/mpcium/pkg/mpc/session.go:275.17,277.3 1 0
github.com/fystack/mpcium/pkg/mpc/session.go:278.2,278.17 1 0
